<?xml version="1.0" encoding="UTF-8"?>
<coverage generated="1715857197585" clover="3.2.0">
  <project timestamp="1715857197585" name="All files">
    <metrics statements="14" coveredstatements="14" conditionals="4" coveredconditionals="4" methods="7" coveredmethods="7" elements="25" coveredelements="25" complexity="0" loc="14" ncloc="14" packages="1" files="2" classes="2"/>
    <file name="edit-event.ts" path="/Users/pascalwilbrink/Documents/Workspaces/Alliander/playground/hierarchy/update/open-scd/packages/core/src/foundation/edit-event.ts">
      <metrics statements="12" coveredstatements="12" conditionals="4" coveredconditionals="4" methods="6" coveredmethods="6"/>
      <line num="58" count="1" type="stmt"/>
      <line num="59" count="2" type="stmt"/>
      <line num="70" count="1" type="stmt"/>
      <line num="71" count="2" type="stmt"/>
      <line num="80" count="1" type="stmt"/>
      <line num="83" count="3" type="cond" truecount="2" falsecount="0"/>
      <line num="92" count="1" type="stmt"/>
      <line num="93" count="2" type="stmt"/>
      <line num="102" count="1" type="stmt"/>
      <line num="103" count="2" type="stmt"/>
      <line num="121" count="1" type="stmt"/>
      <line num="122" count="4" type="stmt"/>
    </file>
    <file name="open-event.ts" path="/Users/pascalwilbrink/Documents/Workspaces/Alliander/playground/hierarchy/update/open-scd/packages/core/src/foundation/open-event.ts">
      <metrics statements="2" coveredstatements="2" conditionals="0" coveredconditionals="0" methods="1" coveredmethods="1"/>
      <line num="26" count="1" type="stmt"/>
      <line num="27" count="4" type="stmt"/>
    </file>
  </project>
</coverage>
