{"/Users/pascalwilbrink/Documents/Workspaces/Alliander/playground/hierarchy/update/open-scd/packages/core/src/foundation/edit-event.ts": {"path":"/Users/pascalwilbrink/Documents/Workspaces/Alliander/playground/hierarchy/update/open-scd/packages/core/src/foundation/edit-event.ts","statementMap":{"0":{"start":{"line":59,"column":2},"end":{"line":59,"column":31}},"1":{"start":{"line":58,"column":0},"end":{"line":58,"column":16}},"2":{"start":{"line":71,"column":2},"end":{"line":71,"column":47}},"3":{"start":{"line":70,"column":0},"end":{"line":70,"column":16}},"4":{"start":{"line":83,"column":2},"end":{"line":83,"column":53}},"5":{"start":{"line":80,"column":0},"end":{"line":80,"column":16}},"6":{"start":{"line":93,"column":2},"end":{"line":93,"column":48}},"7":{"start":{"line":92,"column":0},"end":{"line":92,"column":16}},"8":{"start":{"line":103,"column":2},"end":{"line":105,"column":4}},"9":{"start":{"line":102,"column":0},"end":{"line":102,"column":16}},"10":{"start":{"line":122,"column":2},"end":{"line":126,"column":5}},"11":{"start":{"line":121,"column":0},"end":{"line":121,"column":16}}},"fnMap":{"0":{"name":"isComplex","decl":{"start":{"line":58,"column":16},"end":{"line":58,"column":25}},"loc":{"start":{"line":58,"column":36},"end":{"line":60,"column":1}}},"1":{"name":"isInsert","decl":{"start":{"line":70,"column":16},"end":{"line":70,"column":24}},"loc":{"start":{"line":70,"column":35},"end":{"line":72,"column":1}}},"2":{"name":"isNamespaced","decl":{"start":{"line":80,"column":16},"end":{"line":80,"column":28}},"loc":{"start":{"line":81,"column":23},"end":{"line":84,"column":1}}},"3":{"name":"isUpdate","decl":{"start":{"line":92,"column":16},"end":{"line":92,"column":24}},"loc":{"start":{"line":92,"column":35},"end":{"line":94,"column":1}}},"4":{"name":"isRemove","decl":{"start":{"line":102,"column":16},"end":{"line":102,"column":24}},"loc":{"start":{"line":102,"column":35},"end":{"line":106,"column":1}}},"5":{"name":"newEditEvent","decl":{"start":{"line":121,"column":16},"end":{"line":121,"column":28}},"loc":{"start":{"line":121,"column":52},"end":{"line":127,"column":1}}}},"branchMap":{"0":{"loc":{"start":{"line":83,"column":9},"end":{"line":83,"column":52}},"type":"binary-expr","locations":[{"start":{"line":83,"column":9},"end":{"line":83,"column":23}},{"start":{"line":83,"column":27},"end":{"line":83,"column":52}}]},"1":{"loc":{"start":{"line":104,"column":5},"end":{"line":104,"column":80}},"type":"binary-expr","locations":[{"start":{"line":104,"column":5},"end":{"line":104,"column":41}},{"start":{"line":104,"column":46},"end":{"line":104,"column":80}}]}},"s":{"0":2,"1":1,"2":2,"3":1,"4":3,"5":1,"6":2,"7":1,"8":2,"9":1,"10":4,"11":1},"f":{"0":2,"1":2,"2":3,"3":2,"4":2,"5":4},"b":{"0":[3,2],"1":[2,2]}}
,"/Users/pascalwilbrink/Documents/Workspaces/Alliander/playground/hierarchy/update/open-scd/packages/core/src/foundation/open-event.ts": {"path":"/Users/pascalwilbrink/Documents/Workspaces/Alliander/playground/hierarchy/update/open-scd/packages/core/src/foundation/open-event.ts","statementMap":{"0":{"start":{"line":27,"column":2},"end":{"line":31,"column":5}},"1":{"start":{"line":26,"column":0},"end":{"line":26,"column":16}}},"fnMap":{"0":{"name":"newOpenEvent","decl":{"start":{"line":26,"column":16},"end":{"line":26,"column":28}},"loc":{"start":{"line":26,"column":62},"end":{"line":32,"column":1}}}},"branchMap":{},"s":{"0":4,"1":1},"f":{"0":4},"b":{}}
}
