TN:
SF:src/foundation/edit-event.ts
FN:58,isComplex
FN:70,isInsert
FN:80,isNamespaced
FN:92,isUpdate
FN:102,isRemove
FN:121,newEditEvent
FNF:6
FNH:6
FNDA:2,isComplex
FNDA:2,isInsert
FNDA:3,isNamespaced
FNDA:2,isUpdate
FNDA:2,isRemove
FNDA:4,newEditEvent
DA:58,1
DA:59,2
DA:70,1
DA:71,2
DA:80,1
DA:83,3
DA:92,1
DA:93,2
DA:102,1
DA:103,2
DA:121,1
DA:122,4
LF:12
LH:12
BRDA:83,0,0,3
BRDA:83,0,1,2
BRDA:104,1,0,2
BRDA:104,1,1,2
BRF:4
BRH:4
end_of_record
TN:
SF:src/foundation/open-event.ts
FN:26,newOpenEvent
FNF:1
FNH:1
FNDA:4,newOpenEvent
DA:26,1
DA:27,4
LF:2
LH:2
BRF:0
BRH:0
end_of_record
