TN:
SF:src/foundation.ts
FN:10,createElement
FN:30,cloneElement
FN:42,getChildElementsByTagName
FN:58,formatXml
FN:71,getUniqueElementName
FNF:5
FNH:3
FNDA:0,createElement
FNDA:1,cloneElement
FNDA:1,getChildElementsByTagName
FNDA:0,formatXml
FNDA:1,getUniqueElementName
DA:1,1
DA:2,1
DA:3,1
DA:4,1
DA:5,1
DA:6,1
DA:7,1
DA:8,1
DA:9,1
DA:10,1
DA:11,0
DA:12,0
DA:13,0
DA:14,0
DA:15,0
DA:16,0
DA:17,0
DA:18,0
DA:19,0
DA:20,1
DA:21,1
DA:22,1
DA:23,1
DA:24,1
DA:25,1
DA:26,1
DA:27,1
DA:28,1
DA:29,1
DA:30,1
DA:31,1
DA:32,1
DA:33,1
DA:34,1
DA:35,1
DA:36,1
DA:37,1
DA:38,1
DA:39,1
DA:40,1
DA:41,1
DA:42,1
DA:43,1
DA:44,1
DA:45,1
DA:46,1
DA:47,1
DA:48,1
DA:49,1
DA:50,1
DA:51,1
DA:52,1
DA:53,1
DA:54,1
DA:55,1
DA:56,1
DA:57,1
DA:58,1
DA:59,0
DA:60,0
DA:61,0
DA:62,0
DA:63,0
DA:64,0
DA:65,0
DA:66,0
DA:67,0
DA:68,0
DA:69,1
DA:70,1
DA:71,1
DA:72,1
DA:73,1
DA:74,1
DA:75,1
DA:76,1
DA:77,1
DA:78,1
DA:79,1
DA:80,1
DA:81,1
LF:81
LH:62
BRDA:30,0,0,1
BRDA:35,1,0,1
BRDA:42,2,0,1
BRDA:46,3,0,0
BRDA:48,4,0,1
BRDA:71,5,0,1
BRF:6
BRH:5
end_of_record
