
> @openscd/open-scd@0.34.0 test
> web-test-runner --coverage


Chrome: |[90m‚ñà‚ñà‚ñà‚ñà‚ñà‚ñä                        [39m| 0/26 test files | [32m0 passed[39m, 0 failed

[1mRunning tests...[22m

[1mRunning 26 test files...
[22m

[2K[1A[2K[G[1m[36mtest/unit/Editing.test.ts[39m[22m:

 ‚ùå The browser was unable to create and start a test page after 30000ms. You can increase this timeout with the browserStartTimeout option. 

 ‚ùå [31mError: Timed out stopping the browser page[39m 
    [90mError: Timed out stopping the browser page
        at Timeout._onTimeout (/Users/pascalwilbrink/Documents/Workspaces/Alliander/playground/hierarchy/open-scd/node_modules/@web/test-runner-core/dist/utils/async.js:14:20)
        at listOnTimeout (node:internal/timers:569:17)
        at process.processTimers (node:internal/timers:512:7)[39m

Chrome: |[37m‚ñà[39m[90m‚ñà‚ñà‚ñà‚ñà‚ñä                        [39m| 1/26 test files | [32m0 passed[39m, 0 failed

[1mRunning tests...[22m

[1m[36mtest/unit/Historing.test.ts[39m[22m:

 ‚ùå The browser was unable to create and start a test page after 30000ms. You can increase this timeout with the browserStartTimeout option. 

 ‚ùå [31mError: Timed out stopping the browser page[39m 
    [90mError: Timed out stopping the browser page
        at Timeout._onTimeout (/Users/pascalwilbrink/Documents/Workspaces/Alliander/playground/hierarchy/open-scd/node_modules/@web/test-runner-core/dist/utils/async.js:14:20)
        at listOnTimeout (node:internal/timers:569:17)
        at process.processTimers (node:internal/timers:512:7)[39m

[1m[36mtest/unit/Plugging.test.ts[39m[22m:

 ‚ùå The browser was unable to create and start a test page after 30000ms. You can increase this timeout with the browserStartTimeout option. 

 ‚ùå [31mError: Timed out stopping the browser page[39m 
    [90mError: Timed out stopping the browser page
        at Timeout._onTimeout (/Users/pascalwilbrink/Documents/Workspaces/Alliander/playground/hierarchy/open-scd/node_modules/@web/test-runner-core/dist/utils/async.js:14:20)
        at listOnTimeout (node:internal/timers:569:17)
        at process.processTimers (node:internal/timers:512:7)[39m

[1m[36mtest/unit/Setting.test.ts[39m[22m:

 ‚ùå The browser was unable to create and start a test page after 30000ms. You can increase this timeout with the browserStartTimeout option. 

 ‚ùå [31mError: Timed out stopping the browser page[39m 
    [90mError: Timed out stopping the browser page
        at Timeout._onTimeout (/Users/pascalwilbrink/Documents/Workspaces/Alliander/playground/hierarchy/open-scd/node_modules/@web/test-runner-core/dist/utils/async.js:14:20)
        at listOnTimeout (node:internal/timers:569:17)
        at process.processTimers (node:internal/timers:512:7)[39m

[1m[36mtest/unit/Waiting.test.ts[39m[22m:

 ‚ùå The browser was unable to create and start a test page after 30000ms. You can increase this timeout with the browserStartTimeout option. 

 ‚ùå [31mError: Timed out stopping the browser page[39m 
    [90mError: Timed out stopping the browser page
        at Timeout._onTimeout (/Users/pascalwilbrink/Documents/Workspaces/Alliander/playground/hierarchy/open-scd/node_modules/@web/test-runner-core/dist/utils/async.js:14:20)
        at listOnTimeout (node:internal/timers:569:17)
        at process.processTimers (node:internal/timers:512:7)[39m


[2K[1A[2K[G[1m[36mtest/unit/Wizards.test.ts[39m[22m:

 ‚ùå The browser was unable to create and start a test page after 30000ms. You can increase this timeout with the browserStartTimeout option. 

 ‚ùå [31mError: Timed out stopping the browser page[39m 
    [90mError: Timed out stopping the browser page
        at Timeout._onTimeout (/Users/pascalwilbrink/Documents/Workspaces/Alliander/playground/hierarchy/open-scd/node_modules/@web/test-runner-core/dist/utils/async.js:14:20)
        at listOnTimeout (node:internal/timers:569:17)
        at process.processTimers (node:internal/timers:512:7)[39m

Chrome: |[37m‚ñà‚ñà‚ñà‚ñà‚ñà‚ñà[39m[90m‚ñà‚ñà‚ñà‚ñà‚ñà‚ñå                  [39m| 6/26 test files | [32m0 passed[39m, 0 failed

[1mRunning tests...[22m


[2K[1A[2K[G[1m[36mtest/unit/action-icon.test.ts[39m[22m:

 ‚ùå The browser was unable to create and start a test page after 30000ms. You can increase this timeout with the browserStartTimeout option. 

 ‚ùå [31mError: Timed out stopping the browser page[39m 
    [90mError: Timed out stopping the browser page
        at Timeout._onTimeout (/Users/pascalwilbrink/Documents/Workspaces/Alliander/playground/hierarchy/open-scd/node_modules/@web/test-runner-core/dist/utils/async.js:14:20)
        at listOnTimeout (node:internal/timers:569:17)
        at process.processTimers (node:internal/timers:512:7)[39m


[2K[1A[2K[G[1m[36mtest/unit/action-pane.test.ts[39m[22m:

 ‚ùå The browser was unable to create and start a test page after 30000ms. You can increase this timeout with the browserStartTimeout option. 

 ‚ùå [31mError: Timed out stopping the browser page[39m 
    [90mError: Timed out stopping the browser page
        at Timeout._onTimeout (/Users/pascalwilbrink/Documents/Workspaces/Alliander/playground/hierarchy/open-scd/node_modules/@web/test-runner-core/dist/utils/async.js:14:20)
        at listOnTimeout (node:internal/timers:569:17)
        at process.processTimers (node:internal/timers:512:7)[39m


[2K[1A[2K[G[1m[36mtest/unit/filtered-list.test.ts[39m[22m:

 ‚ùå The browser was unable to create and start a test page after 30000ms. You can increase this timeout with the browserStartTimeout option. 

 ‚ùå [31mError: Timed out stopping the browser page[39m 
    [90mError: Timed out stopping the browser page
        at Timeout._onTimeout (/Users/pascalwilbrink/Documents/Workspaces/Alliander/playground/hierarchy/open-scd/node_modules/@web/test-runner-core/dist/utils/async.js:14:20)
        at listOnTimeout (node:internal/timers:569:17)
        at process.processTimers (node:internal/timers:512:7)[39m

[1m[36mtest/unit/finder-list.test.ts[39m[22m:

 ‚ùå The browser was unable to create and start a test page after 30000ms. You can increase this timeout with the browserStartTimeout option. 

 ‚ùå [31mError: Timed out stopping the browser page[39m 
    [90mError: Timed out stopping the browser page
        at Timeout._onTimeout (/Users/pascalwilbrink/Documents/Workspaces/Alliander/playground/hierarchy/open-scd/node_modules/@web/test-runner-core/dist/utils/async.js:14:20)
        at listOnTimeout (node:internal/timers:569:17)
        at process.processTimers (node:internal/timers:512:7)[39m


[2K[1A[2K[G[1m[36mtest/unit/foundation.test.ts[39m[22m:

 ‚ùå The browser was unable to create and start a test page after 30000ms. You can increase this timeout with the browserStartTimeout option. 

 ‚ùå [31mError: Timed out stopping the browser page[39m 
    [90mError: Timed out stopping the browser page
        at Timeout._onTimeout (/Users/pascalwilbrink/Documents/Workspaces/Alliander/playground/hierarchy/open-scd/node_modules/@web/test-runner-core/dist/utils/async.js:14:20)
        at listOnTimeout (node:internal/timers:569:17)
        at process.processTimers (node:internal/timers:512:7)[39m

Chrome: |[37m‚ñà‚ñà‚ñà‚ñà‚ñà‚ñà‚ñà‚ñà‚ñà‚ñà‚ñà‚ñà[39m[90m‚ñà‚ñà‚ñà‚ñà‚ñà‚ñé            [39m| 11/26 test files | [32m0 passed[39m, 0 failed

[1mRunning tests...[22m


[2K[1A[2K[G[1m[36mtest/unit/oscd-filter-button.test.ts[39m[22m:

 ‚ùå The browser was unable to create and start a test page after 30000ms. You can increase this timeout with the browserStartTimeout option. 

 ‚ùå [31mError: Timed out stopping the browser page[39m 
    [90mError: Timed out stopping the browser page
        at Timeout._onTimeout (/Users/pascalwilbrink/Documents/Workspaces/Alliander/playground/hierarchy/open-scd/node_modules/@web/test-runner-core/dist/utils/async.js:14:20)
        at listOnTimeout (node:internal/timers:569:17)
        at process.processTimers (node:internal/timers:512:7)[39m


[2K[1A[2K[G[1m[36mtest/unit/plain-compare-list.test.ts[39m[22m:

 ‚ùå The browser was unable to create and start a test page after 30000ms. You can increase this timeout with the browserStartTimeout option. 

 ‚ùå [31mError: Timed out stopping the browser page[39m 
    [90mError: Timed out stopping the browser page
        at Timeout._onTimeout (/Users/pascalwilbrink/Documents/Workspaces/Alliander/playground/hierarchy/open-scd/node_modules/@web/test-runner-core/dist/utils/async.js:14:20)
        at listOnTimeout (node:internal/timers:569:17)
        at process.processTimers (node:internal/timers:512:7)[39m


[2K[1A[2K[G[1m[36mtest/unit/schema.test.ts[39m[22m:

 ‚ùå The browser was unable to create and start a test page after 30000ms. You can increase this timeout with the browserStartTimeout option. 

 ‚ùå [31mError: Timed out stopping the browser page[39m 
    [90mError: Timed out stopping the browser page
        at Timeout._onTimeout (/Users/pascalwilbrink/Documents/Workspaces/Alliander/playground/hierarchy/open-scd/node_modules/@web/test-runner-core/dist/utils/async.js:14:20)
        at listOnTimeout (node:internal/timers:569:17)
        at process.processTimers (node:internal/timers:512:7)[39m


[2K[1A[2K[G[1m[36mtest/unit/wizard-checkbox.test.ts[39m[22m:

 ‚ùå The browser was unable to create and start a test page after 30000ms. You can increase this timeout with the browserStartTimeout option. 

 ‚ùå [31mError: Timed out stopping the browser page[39m 
    [90mError: Timed out stopping the browser page
        at Timeout._onTimeout (/Users/pascalwilbrink/Documents/Workspaces/Alliander/playground/hierarchy/open-scd/node_modules/@web/test-runner-core/dist/utils/async.js:14:20)
        at listOnTimeout (node:internal/timers:569:17)
        at process.processTimers (node:internal/timers:512:7)[39m


[2K[1A[2K[G[1m[36mtest/unit/wizard-select.test.ts[39m[22m:

 ‚ùå [31mThe browser was unable to create and start a test page after 30000ms. You can increase this timeout with the browserStartTimeout option.[39m 
    [90mError: The browser was unable to create and start a test page after 30000ms. You can increase this timeout with the browserStartTimeout option.
        at Timeout._onTimeout (/Users/pascalwilbrink/Documents/Workspaces/Alliander/playground/hierarchy/open-scd/node_modules/@web/test-runner-core/dist/utils/async.js:14:20)
        at listOnTimeout (node:internal/timers:569:17)
        at process.processTimers (node:internal/timers:512:7)[39m

 ‚ùå [31mError: JSCoverage is not enabled[39m 
    [90mError: JSCoverage is not enabled
        at assert (/Users/pascalwilbrink/Documents/Workspaces/Alliander/playground/hierarchy/open-scd/node_modules/puppeteer-core/lib/cjs/puppeteer/common/assert.js:26:15)
        at JSCoverage.stop (/Users/pascalwilbrink/Documents/Workspaces/Alliander/playground/hierarchy/open-scd/node_modules/puppeteer-core/lib/cjs/puppeteer/common/Coverage.js:171:32)
        at Coverage.stopJSCoverage (/Users/pascalwilbrink/Documents/Workspaces/Alliander/playground/hierarchy/open-scd/node_modules/puppeteer-core/lib/cjs/puppeteer/common/Coverage.js:86:39)
        at ChromeLauncherPage.collectTestCoverage (/Users/pascalwilbrink/Documents/Workspaces/Alliander/playground/hierarchy/open-scd/node_modules/@web/test-runner-chrome/dist/ChromeLauncherPage.js:66:91)
        at process.processTicksAndRejections (node:internal/process/task_queues:95:5)
        at async ChromeLauncherPage.stopSession (/Users/pascalwilbrink/Documents/Workspaces/Alliander/playground/hierarchy/open-scd/node_modules/@web/test-runner-chrome/dist/ChromeLauncherPage.js:28:30)
        at async ChromeLauncher.stopSession (/Users/pascalwilbrink/Documents/Workspaces/Alliander/playground/hierarchy/open-scd/node_modules/@web/test-runner-chrome/dist/ChromeLauncher.js:142:24)[39m

Chrome: |[37m‚ñà‚ñà‚ñà‚ñà‚ñà‚ñà‚ñà‚ñà‚ñà‚ñà‚ñà‚ñà‚ñà‚ñà‚ñà‚ñà‚ñà‚ñà[39m[90m‚ñà‚ñà‚ñà‚ñà‚ñà       [39m| 16/26 test files | [32m0 passed[39m, 0 failed

[1mRunning tests...[22m

[1m[36mtest/unit/wizard-dialog.test.ts[39m[22m:

 ‚ùå [31mThe browser was unable to create and start a test page after 30000ms. You can increase this timeout with the browserStartTimeout option.[39m 
    [90mError: The browser was unable to create and start a test page after 30000ms. You can increase this timeout with the browserStartTimeout option.
        at Timeout._onTimeout (/Users/pascalwilbrink/Documents/Workspaces/Alliander/playground/hierarchy/open-scd/node_modules/@web/test-runner-core/dist/utils/async.js:14:20)
        at listOnTimeout (node:internal/timers:569:17)
        at process.processTimers (node:internal/timers:512:7)[39m

 ‚ùå [31mError: JSCoverage is not enabled[39m 
    [90mError: JSCoverage is not enabled
        at assert (/Users/pascalwilbrink/Documents/Workspaces/Alliander/playground/hierarchy/open-scd/node_modules/puppeteer-core/lib/cjs/puppeteer/common/assert.js:26:15)
        at JSCoverage.stop (/Users/pascalwilbrink/Documents/Workspaces/Alliander/playground/hierarchy/open-scd/node_modules/puppeteer-core/lib/cjs/puppeteer/common/Coverage.js:171:32)
        at Coverage.stopJSCoverage (/Users/pascalwilbrink/Documents/Workspaces/Alliander/playground/hierarchy/open-scd/node_modules/puppeteer-core/lib/cjs/puppeteer/common/Coverage.js:86:39)
        at ChromeLauncherPage.collectTestCoverage (/Users/pascalwilbrink/Documents/Workspaces/Alliander/playground/hierarchy/open-scd/node_modules/@web/test-runner-chrome/dist/ChromeLauncherPage.js:66:91)
        at process.processTicksAndRejections (node:internal/process/task_queues:95:5)
        at async ChromeLauncherPage.stopSession (/Users/pascalwilbrink/Documents/Workspaces/Alliander/playground/hierarchy/open-scd/node_modules/@web/test-runner-chrome/dist/ChromeLauncherPage.js:28:30)
        at async ChromeLauncher.stopSession (/Users/pascalwilbrink/Documents/Workspaces/Alliander/playground/hierarchy/open-scd/node_modules/@web/test-runner-chrome/dist/ChromeLauncher.js:142:24)[39m


[2K[1A[2K[G[1m[36mtest/unit/wizard-textfield.test.ts[39m[22m:

 ‚ùå [31mThe browser was unable to create and start a test page after 30000ms. You can increase this timeout with the browserStartTimeout option.[39m 
    [90mError: The browser was unable to create and start a test page after 30000ms. You can increase this timeout with the browserStartTimeout option.
        at Timeout._onTimeout (/Users/pascalwilbrink/Documents/Workspaces/Alliander/playground/hierarchy/open-scd/node_modules/@web/test-runner-core/dist/utils/async.js:14:20)
        at listOnTimeout (node:internal/timers:569:17)
        at process.processTimers (node:internal/timers:512:7)[39m

 ‚ùå [31mError: JSCoverage is not enabled[39m 
    [90mError: JSCoverage is not enabled
        at assert (/Users/pascalwilbrink/Documents/Workspaces/Alliander/playground/hierarchy/open-scd/node_modules/puppeteer-core/lib/cjs/puppeteer/common/assert.js:26:15)
        at JSCoverage.stop (/Users/pascalwilbrink/Documents/Workspaces/Alliander/playground/hierarchy/open-scd/node_modules/puppeteer-core/lib/cjs/puppeteer/common/Coverage.js:171:32)
        at Coverage.stopJSCoverage (/Users/pascalwilbrink/Documents/Workspaces/Alliander/playground/hierarchy/open-scd/node_modules/puppeteer-core/lib/cjs/puppeteer/common/Coverage.js:86:39)
        at ChromeLauncherPage.collectTestCoverage (/Users/pascalwilbrink/Documents/Workspaces/Alliander/playground/hierarchy/open-scd/node_modules/@web/test-runner-chrome/dist/ChromeLauncherPage.js:66:91)
        at process.processTicksAndRejections (node:internal/process/task_queues:95:5)
        at async ChromeLauncherPage.stopSession (/Users/pascalwilbrink/Documents/Workspaces/Alliander/playground/hierarchy/open-scd/node_modules/@web/test-runner-chrome/dist/ChromeLauncherPage.js:28:30)
        at async ChromeLauncher.stopSession (/Users/pascalwilbrink/Documents/Workspaces/Alliander/playground/hierarchy/open-scd/node_modules/@web/test-runner-chrome/dist/ChromeLauncher.js:142:24)[39m


[2K[1A[2K[G[1m[36mtest/unit/foundation/dai.test.ts[39m[22m:

 ‚ùå [31mThe browser was unable to create and start a test page after 30000ms. You can increase this timeout with the browserStartTimeout option.[39m 
    [90mError: The browser was unable to create and start a test page after 30000ms. You can increase this timeout with the browserStartTimeout option.
        at Timeout._onTimeout (/Users/pascalwilbrink/Documents/Workspaces/Alliander/playground/hierarchy/open-scd/node_modules/@web/test-runner-core/dist/utils/async.js:14:20)
        at listOnTimeout (node:internal/timers:569:17)
        at process.processTimers (node:internal/timers:512:7)[39m

 ‚ùå [31mError: JSCoverage is not enabled[39m 
    [90mError: JSCoverage is not enabled
        at assert (/Users/pascalwilbrink/Documents/Workspaces/Alliander/playground/hierarchy/open-scd/node_modules/puppeteer-core/lib/cjs/puppeteer/common/assert.js:26:15)
        at JSCoverage.stop (/Users/pascalwilbrink/Documents/Workspaces/Alliander/playground/hierarchy/open-scd/node_modules/puppeteer-core/lib/cjs/puppeteer/common/Coverage.js:171:32)
        at Coverage.stopJSCoverage (/Users/pascalwilbrink/Documents/Workspaces/Alliander/playground/hierarchy/open-scd/node_modules/puppeteer-core/lib/cjs/puppeteer/common/Coverage.js:86:39)
        at ChromeLauncherPage.collectTestCoverage (/Users/pascalwilbrink/Documents/Workspaces/Alliander/playground/hierarchy/open-scd/node_modules/@web/test-runner-chrome/dist/ChromeLauncherPage.js:66:91)
        at process.processTicksAndRejections (node:internal/process/task_queues:95:5)
        at async ChromeLauncherPage.stopSession (/Users/pascalwilbrink/Documents/Workspaces/Alliander/playground/hierarchy/open-scd/node_modules/@web/test-runner-chrome/dist/ChromeLauncherPage.js:28:30)
        at async ChromeLauncher.stopSession (/Users/pascalwilbrink/Documents/Workspaces/Alliander/playground/hierarchy/open-scd/node_modules/@web/test-runner-chrome/dist/ChromeLauncher.js:142:24)[39m

[1m[36mtest/unit/foundation/compare.test.ts[39m[22m:

 ‚ùå [31mThe browser was unable to create and start a test page after 30000ms. You can increase this timeout with the browserStartTimeout option.[39m 
    [90mError: The browser was unable to create and start a test page after 30000ms. You can increase this timeout with the browserStartTimeout option.
        at Timeout._onTimeout (/Users/pascalwilbrink/Documents/Workspaces/Alliander/playground/hierarchy/open-scd/node_modules/@web/test-runner-core/dist/utils/async.js:14:20)
        at listOnTimeout (node:internal/timers:569:17)
        at process.processTimers (node:internal/timers:512:7)[39m

 ‚ùå [31mError: JSCoverage is not enabled[39m 
    [90mError: JSCoverage is not enabled
        at assert (/Users/pascalwilbrink/Documents/Workspaces/Alliander/playground/hierarchy/open-scd/node_modules/puppeteer-core/lib/cjs/puppeteer/common/assert.js:26:15)
        at JSCoverage.stop (/Users/pascalwilbrink/Documents/Workspaces/Alliander/playground/hierarchy/open-scd/node_modules/puppeteer-core/lib/cjs/puppeteer/common/Coverage.js:171:32)
        at Coverage.stopJSCoverage (/Users/pascalwilbrink/Documents/Workspaces/Alliander/playground/hierarchy/open-scd/node_modules/puppeteer-core/lib/cjs/puppeteer/common/Coverage.js:86:39)
        at ChromeLauncherPage.collectTestCoverage (/Users/pascalwilbrink/Documents/Workspaces/Alliander/playground/hierarchy/open-scd/node_modules/@web/test-runner-chrome/dist/ChromeLauncherPage.js:66:91)
        at process.processTicksAndRejections (node:internal/process/task_queues:95:5)
        at async ChromeLauncherPage.stopSession (/Users/pascalwilbrink/Documents/Workspaces/Alliander/playground/hierarchy/open-scd/node_modules/@web/test-runner-chrome/dist/ChromeLauncherPage.js:28:30)
        at async ChromeLauncher.stopSession (/Users/pascalwilbrink/Documents/Workspaces/Alliander/playground/hierarchy/open-scd/node_modules/@web/test-runner-chrome/dist/ChromeLauncher.js:142:24)[39m


[2K[1A[2K[GChrome: |[37m‚ñà‚ñà‚ñà‚ñà‚ñà‚ñà‚ñà‚ñà‚ñà‚ñà‚ñà‚ñà‚ñà‚ñà‚ñà‚ñà‚ñà‚ñà‚ñà‚ñà‚ñà‚ñà‚ñà‚ñà‚ñà‚ñà[39m[90m‚ñà‚ñà‚ñà‚ñà[39m| 23/26 test files | [32m40 passed[39m, 0 failed

[1mRunning tests...[22m


[2K[1A[2K[G[1m[36mtest/integration/open-scd.test.ts[39m[22m:

 üöß 404 network requests:
    [1m[90m-[39m[22m plugins/src/editors/IED.js
    [1m[90m-[39m[22m plugins/src/editors/Substation.js
    [1m[90m-[39m[22m plugins/src/editors/GooseSubscriberLaterBinding.js
    [1m[90m-[39m[22m plugins/src/editors/SMVSubscriberLaterBinding.js
    [1m[90m-[39m[22m plugins/src/editors/Communication.js
    [1m[90m-[39m[22m plugins/src/editors/Templates.js
    [1m[90m-[39m[22m plugins/src/menu/OpenProject.js
    [1m[90m-[39m[22m plugins/src/menu/NewProject.js
    [1m[90m-[39m[22m plugins/src/menu/SaveProject.js
    [1m[90m-[39m[22m plugins/src/validators/ValidateSchema.js
    [1m[90m-[39m[22m plugins/src/validators/ValidateTemplates.js
    [1m[90m-[39m[22m plugins/src/menu/ImportIEDs.js
    [1m[90m-[39m[22m plugins/src/menu/SubscriberInfo.js
    [1m[90m-[39m[22m plugins/src/menu/Merge.js
    [1m[90m-[39m[22m plugins/src/menu/UpdateSubstation.js
    [1m[90m-[39m[22m plugins/src/menu/CompareIED.js
    [1m[90m-[39m[22m plugins/src/menu/SclHistory.js
    [1m[90m-[39m[22m plugins/src/menu/Help.js

Chrome: |[37m‚ñà‚ñà‚ñà‚ñà‚ñà‚ñà‚ñà‚ñà‚ñà‚ñà‚ñà‚ñà‚ñà‚ñà‚ñà‚ñà‚ñà‚ñà‚ñà‚ñà‚ñà‚ñà‚ñà‚ñà‚ñà‚ñà‚ñà‚ñà‚ñà‚ñà[39m| 26/26 test files | [32m67 passed[39m, 0 failed

Code coverage: [1m[32m74.47 %[39m[22m
View full coverage report at [4mcoverage/lcov-report/index.html[24m

[1m[31mError while running tests.[39m[22m


npm ERR! Lifecycle script `test` failed with error: 
npm ERR! Error: command failed 
npm ERR!   in workspace: @openscd/open-scd@0.34.0 
npm ERR!   at location: /Users/pascalwilbrink/Documents/Workspaces/Alliander/playground/hierarchy/open-scd/packages/open-scd 
